0 verbose cli /usr/local/bin/node /usr/local/bin/npm
1 info using npm@11.6.2
2 info using node@v24.12.0
3 silly config load:file:/usr/local/lib/node_modules/npm/npmrc
4 silly config load:file:/Users/xumic/Downloads/student-broken.github.io-main/.npmrc
5 silly config load:file:/Users/xumic/.npmrc
6 silly config load:file:/usr/local/etc/npmrc
7 verbose title npm install
8 verbose argv "install" "--cache" "./.npm-cache"
9 verbose logfile logs-max:10 dir:/Users/xumic/Downloads/student-broken.github.io-main/.npm-cache/_logs/2026-01-08T05_11_02_982Z-
10 verbose logfile /Users/xumic/Downloads/student-broken.github.io-main/.npm-cache/_logs/2026-01-08T05_11_02_982Z-debug-0.log
11 silly logfile done cleaning log files
12 silly packumentCache heap:2348810240 maxSize:587202560 maxEntrySize:293601280
13 silly idealTree buildDeps
14 silly reify moves {}
15 silly audit bulk request {
15 silly audit   '@babel/code-frame': [ '7.27.1' ],
15 silly audit   '@babel/compat-data': [ '7.28.5' ],
15 silly audit   '@babel/core': [ '7.28.5' ],
15 silly audit   '@babel/generator': [ '7.28.5' ],
15 silly audit   '@babel/helper-compilation-targets': [ '7.27.2' ],
15 silly audit   '@babel/helper-globals': [ '7.28.0' ],
15 silly audit   '@babel/helper-module-imports': [ '7.27.1' ],
15 silly audit   '@babel/helper-module-transforms': [ '7.28.3' ],
15 silly audit   '@babel/helper-plugin-utils': [ '7.27.1' ],
15 silly audit   '@babel/helper-string-parser': [ '7.27.1' ],
15 silly audit   '@babel/helper-validator-identifier': [ '7.28.5' ],
15 silly audit   '@babel/helper-validator-option': [ '7.27.1' ],
15 silly audit   '@babel/helpers': [ '7.28.4' ],
15 silly audit   '@babel/parser': [ '7.28.5' ],
15 silly audit   '@babel/plugin-transform-react-jsx-self': [ '7.27.1' ],
15 silly audit   '@babel/plugin-transform-react-jsx-source': [ '7.27.1' ],
15 silly audit   '@babel/template': [ '7.27.2' ],
15 silly audit   '@babel/traverse': [ '7.28.5' ],
15 silly audit   '@babel/types': [ '7.28.5' ],
15 silly audit   '@esbuild/aix-ppc64': [ '0.27.2' ],
15 silly audit   '@esbuild/android-arm': [ '0.27.2' ],
15 silly audit   '@esbuild/android-arm64': [ '0.27.2' ],
15 silly audit   '@esbuild/android-x64': [ '0.27.2' ],
15 silly audit   '@esbuild/darwin-arm64': [ '0.27.2' ],
15 silly audit   '@esbuild/darwin-x64': [ '0.27.2' ],
15 silly audit   '@esbuild/freebsd-arm64': [ '0.27.2' ],
15 silly audit   '@esbuild/freebsd-x64': [ '0.27.2' ],
15 silly audit   '@esbuild/linux-arm': [ '0.27.2' ],
15 silly audit   '@esbuild/linux-arm64': [ '0.27.2' ],
15 silly audit   '@esbuild/linux-ia32': [ '0.27.2' ],
15 silly audit   '@esbuild/linux-loong64': [ '0.27.2' ],
15 silly audit   '@esbuild/linux-mips64el': [ '0.27.2' ],
15 silly audit   '@esbuild/linux-ppc64': [ '0.27.2' ],
15 silly audit   '@esbuild/linux-riscv64': [ '0.27.2' ],
15 silly audit   '@esbuild/linux-s390x': [ '0.27.2' ],
15 silly audit   '@esbuild/linux-x64': [ '0.27.2' ],
15 silly audit   '@esbuild/netbsd-arm64': [ '0.27.2' ],
15 silly audit   '@esbuild/netbsd-x64': [ '0.27.2' ],
15 silly audit   '@esbuild/openbsd-arm64': [ '0.27.2' ],
15 silly audit   '@esbuild/openbsd-x64': [ '0.27.2' ],
15 silly audit   '@esbuild/openharmony-arm64': [ '0.27.2' ],
15 silly audit   '@esbuild/sunos-x64': [ '0.27.2' ],
15 silly audit   '@esbuild/win32-arm64': [ '0.27.2' ],
15 silly audit   '@esbuild/win32-ia32': [ '0.27.2' ],
15 silly audit   '@esbuild/win32-x64': [ '0.27.2' ],
15 silly audit   '@eslint-community/eslint-utils': [ '4.9.1' ],
15 silly audit   'eslint-visitor-keys': [ '3.4.3', '4.2.1' ],
15 silly audit   '@eslint-community/regexpp': [ '4.12.2' ],
15 silly audit   '@eslint/config-array': [ '0.21.1' ],
15 silly audit   '@eslint/config-helpers': [ '0.4.2' ],
15 silly audit   '@eslint/core': [ '0.17.0' ],
15 silly audit   '@eslint/eslintrc': [ '3.3.3' ],
15 silly audit   globals: [ '14.0.0', '16.5.0' ],
15 silly audit   '@eslint/js': [ '9.39.2' ],
15 silly audit   '@eslint/object-schema': [ '2.1.7' ],
15 silly audit   '@eslint/plugin-kit': [ '0.4.1' ],
15 silly audit   '@humanfs/core': [ '0.19.1' ],
15 silly audit   '@humanfs/node': [ '0.16.7' ],
15 silly audit   '@humanwhocodes/module-importer': [ '1.0.1' ],
15 silly audit   '@humanwhocodes/retry': [ '0.4.3' ],
15 silly audit   '@jridgewell/gen-mapping': [ '0.3.13' ],
15 silly audit   '@jridgewell/remapping': [ '2.3.5' ],
15 silly audit   '@jridgewell/resolve-uri': [ '3.1.2' ],
15 silly audit   '@jridgewell/sourcemap-codec': [ '1.5.5' ],
15 silly audit   '@jridgewell/trace-mapping': [ '0.3.31' ],
15 silly audit   '@rolldown/pluginutils': [ '1.0.0-beta.53' ],
15 silly audit   '@rollup/rollup-android-arm-eabi': [ '4.55.1' ],
15 silly audit   '@rollup/rollup-android-arm64': [ '4.55.1' ],
15 silly audit   '@rollup/rollup-darwin-arm64': [ '4.55.1' ],
15 silly audit   '@rollup/rollup-darwin-x64': [ '4.55.1' ],
15 silly audit   '@rollup/rollup-freebsd-arm64': [ '4.55.1' ],
15 silly audit   '@rollup/rollup-freebsd-x64': [ '4.55.1' ],
15 silly audit   '@rollup/rollup-linux-arm-gnueabihf': [ '4.55.1' ],
15 silly audit   '@rollup/rollup-linux-arm-musleabihf': [ '4.55.1' ],
15 silly audit   '@rollup/rollup-linux-arm64-gnu': [ '4.55.1' ],
15 silly audit   '@rollup/rollup-linux-arm64-musl': [ '4.55.1' ],
15 silly audit   '@rollup/rollup-linux-loong64-gnu': [ '4.55.1' ],
15 silly audit   '@rollup/rollup-linux-loong64-musl': [ '4.55.1' ],
15 silly audit   '@rollup/rollup-linux-ppc64-gnu': [ '4.55.1' ],
15 silly audit   '@rollup/rollup-linux-ppc64-musl': [ '4.55.1' ],
15 silly audit   '@rollup/rollup-linux-riscv64-gnu': [ '4.55.1' ],
15 silly audit   '@rollup/rollup-linux-riscv64-musl': [ '4.55.1' ],
15 silly audit   '@rollup/rollup-linux-s390x-gnu': [ '4.55.1' ],
15 silly audit   '@rollup/rollup-linux-x64-gnu': [ '4.55.1' ],
15 silly audit   '@rollup/rollup-linux-x64-musl': [ '4.55.1' ],
15 silly audit   '@rollup/rollup-openbsd-x64': [ '4.55.1' ],
15 silly audit   '@rollup/rollup-openharmony-arm64': [ '4.55.1' ],
15 silly audit   '@rollup/rollup-win32-arm64-msvc': [ '4.55.1' ],
15 silly audit   '@rollup/rollup-win32-ia32-msvc': [ '4.55.1' ],
15 silly audit   '@rollup/rollup-win32-x64-gnu': [ '4.55.1' ],
15 silly audit   '@rollup/rollup-win32-x64-msvc': [ '4.55.1' ],
15 silly audit   '@types/babel__core': [ '7.20.5' ],
15 silly audit   '@types/babel__generator': [ '7.27.0' ],
15 silly audit   '@types/babel__template': [ '7.4.4' ],
15 silly audit   '@types/babel__traverse': [ '7.28.0' ],
15 silly audit   '@types/estree': [ '1.0.8' ],
15 silly audit   '@types/json-schema': [ '7.0.15' ],
15 silly audit   '@types/node': [ '24.10.4' ],
15 silly audit   '@types/react': [ '19.2.7' ],
15 silly audit   '@types/react-dom': [ '19.2.3' ],
15 silly audit   '@typescript-eslint/eslint-plugin': [ '8.52.0' ],
15 silly audit   ignore: [ '7.0.5', '5.3.2' ],
15 silly audit   '@typescript-eslint/parser': [ '8.52.0' ],
15 silly audit   '@typescript-eslint/project-service': [ '8.52.0' ],
15 silly audit   '@typescript-eslint/scope-manager': [ '8.52.0' ],
15 silly audit   '@typescript-eslint/tsconfig-utils': [ '8.52.0' ],
15 silly audit   '@typescript-eslint/type-utils': [ '8.52.0' ],
15 silly audit   '@typescript-eslint/types': [ '8.52.0' ],
15 silly audit   '@typescript-eslint/typescript-estree': [ '8.52.0' ],
15 silly audit   'brace-expansion': [ '2.0.2', '1.1.12' ],
15 silly audit   minimatch: [ '9.0.5', '3.1.2' ],
15 silly audit   semver: [ '7.7.3', '6.3.1' ],
15 silly audit   '@typescript-eslint/utils': [ '8.52.0' ],
15 silly audit   '@typescript-eslint/visitor-keys': [ '8.52.0' ],
15 silly audit   '@vitejs/plugin-react': [ '5.1.2' ],
15 silly audit   acorn: [ '8.15.0' ],
15 silly audit   'acorn-jsx': [ '5.3.2' ],
15 silly audit   ajv: [ '6.12.6' ],
15 silly audit   'ansi-styles': [ '4.3.0' ],
15 silly audit   argparse: [ '2.0.1' ],
15 silly audit   'balanced-match': [ '1.0.2' ],
15 silly audit   'baseline-browser-mapping': [ '2.9.12' ],
15 silly audit   browserslist: [ '4.28.1' ],
15 silly audit   callsites: [ '3.1.0' ],
15 silly audit   'caniuse-lite': [ '1.0.30001762' ],
15 silly audit   chalk: [ '4.1.2' ],
15 silly audit   'color-convert': [ '2.0.1' ],
15 silly audit   'color-name': [ '1.1.4' ],
15 silly audit   'concat-map': [ '0.0.1' ],
15 silly audit   'convert-source-map': [ '2.0.0' ],
15 silly audit   cookie: [ '1.1.1' ],
15 silly audit   'cross-spawn': [ '7.0.6' ],
15 silly audit   csstype: [ '3.2.3' ],
15 silly audit   debug: [ '4.4.3' ],
15 silly audit   'deep-is': [ '0.1.4' ],
15 silly audit   'electron-to-chromium': [ '1.5.267' ],
15 silly audit   esbuild: [ '0.27.2' ],
15 silly audit   escalade: [ '3.2.0' ],
15 silly audit   'escape-string-regexp': [ '4.0.0' ],
15 silly audit   eslint: [ '9.39.2' ],
15 silly audit   'eslint-plugin-react-hooks': [ '7.0.1' ],
15 silly audit   'eslint-plugin-react-refresh': [ '0.4.26' ],
15 silly audit   'eslint-scope': [ '8.4.0' ],
15 silly audit   espree: [ '10.4.0' ],
15 silly audit   esquery: [ '1.7.0' ],
15 silly audit   esrecurse: [ '4.3.0' ],
15 silly audit   estraverse: [ '5.3.0' ],
15 silly audit   esutils: [ '2.0.3' ],
15 silly audit   'fast-deep-equal': [ '3.1.3' ],
15 silly audit   'fast-json-stable-stringify': [ '2.1.0' ],
15 silly audit   'fast-levenshtein': [ '2.0.6' ],
15 silly audit   fdir: [ '6.5.0' ],
15 silly audit   'file-entry-cache': [ '8.0.0' ],
15 silly audit   'find-up': [ '5.0.0' ],
15 silly audit   'flat-cache': [ '4.0.1' ],
15 silly audit   flatted: [ '3.3.3' ],
15 silly audit   fsevents: [ '2.3.3' ],
15 silly audit   gensync: [ '1.0.0-beta.2' ],
15 silly audit   'glob-parent': [ '6.0.2' ],
15 silly audit   'has-flag': [ '4.0.0' ],
15 silly audit   'hermes-estree': [ '0.25.1' ],
15 silly audit   'hermes-parser': [ '0.25.1' ],
15 silly audit   'import-fresh': [ '3.3.1' ],
15 silly audit   imurmurhash: [ '0.1.4' ],
15 silly audit   'is-extglob': [ '2.1.1' ],
15 silly audit   'is-glob': [ '4.0.3' ],
15 silly audit   isexe: [ '2.0.0' ],
15 silly audit   'js-tokens': [ '4.0.0' ],
15 silly audit   'js-yaml': [ '4.1.1' ],
15 silly audit   jsesc: [ '3.1.0' ],
15 silly audit   'json-buffer': [ '3.0.1' ],
15 silly audit   'json-schema-traverse': [ '0.4.1' ],
15 silly audit   'json-stable-stringify-without-jsonify': [ '1.0.1' ],
15 silly audit   json5: [ '2.2.3' ],
15 silly audit   keyv: [ '4.5.4' ],
15 silly audit   levn: [ '0.4.1' ],
15 silly audit   'locate-path': [ '6.0.0' ],
15 silly audit   'lodash.merge': [ '4.6.2' ],
15 silly audit   'lru-cache': [ '5.1.1' ],
15 silly audit   ms: [ '2.1.3' ],
15 silly audit   nanoid: [ '3.3.11' ],
15 silly audit   'natural-compare': [ '1.4.0' ],
15 silly audit   'node-releases': [ '2.0.27' ],
15 silly audit   optionator: [ '0.9.4' ],
15 silly audit   'p-limit': [ '3.1.0' ],
15 silly audit   'p-locate': [ '5.0.0' ],
15 silly audit   'parent-module': [ '1.0.1' ],
15 silly audit   'path-exists': [ '4.0.0' ],
15 silly audit   'path-key': [ '3.1.1' ],
15 silly audit   picocolors: [ '1.1.1' ],
15 silly audit   picomatch: [ '4.0.3' ],
15 silly audit   postcss: [ '8.5.6' ],
15 silly audit   'prelude-ls': [ '1.2.1' ],
15 silly audit   punycode: [ '2.3.1' ],
15 silly audit   react: [ '19.2.3' ],
15 silly audit   'react-dom': [ '19.2.3' ],
15 silly audit   'react-refresh': [ '0.18.0' ],
15 silly audit   'react-router': [ '7.12.0' ],
15 silly audit   'react-router-dom': [ '7.12.0' ],
15 silly audit   'resolve-from': [ '4.0.0' ],
15 silly audit   rollup: [ '4.55.1' ],
15 silly audit   scheduler: [ '0.27.0' ],
15 silly audit   'set-cookie-parser': [ '2.7.2' ],
15 silly audit   'shebang-command': [ '2.0.0' ],
15 silly audit   'shebang-regex': [ '3.0.0' ],
15 silly audit   'source-map-js': [ '1.2.1' ],
15 silly audit   'strip-json-comments': [ '3.1.1' ],
15 silly audit   'supports-color': [ '7.2.0' ],
15 silly audit   tinyglobby: [ '0.2.15' ],
15 silly audit   'ts-api-utils': [ '2.4.0' ],
15 silly audit   'type-check': [ '0.4.0' ],
15 silly audit   typescript: [ '5.9.3' ],
15 silly audit   'typescript-eslint': [ '8.52.0' ],
15 silly audit   'undici-types': [ '7.16.0' ],
15 silly audit   'update-browserslist-db': [ '1.2.3' ],
15 silly audit   'uri-js': [ '4.4.1' ],
15 silly audit   vite: [ '7.3.1' ],
15 silly audit   which: [ '2.0.2' ],
15 silly audit   'word-wrap': [ '1.2.5' ],
15 silly audit   yallist: [ '3.1.1' ],
15 silly audit   'yocto-queue': [ '0.1.0' ],
15 silly audit   zod: [ '4.3.5' ],
15 silly audit   'zod-validation-error': [ '4.0.2' ]
15 silly audit }
16 http cache zod-validation-error@https://registry.npmjs.org/zod-validation-error/-/zod-validation-error-4.0.2.tgz 1ms (cache hit)
17 http cache zod@https://registry.npmjs.org/zod/-/zod-4.3.5.tgz 0ms (cache hit)
18 http cache yocto-queue@https://registry.npmjs.org/yocto-queue/-/yocto-queue-0.1.0.tgz 0ms (cache hit)
19 http cache yallist@https://registry.npmjs.org/yallist/-/yallist-3.1.1.tgz 0ms (cache hit)
20 http cache word-wrap@https://registry.npmjs.org/word-wrap/-/word-wrap-1.2.5.tgz 0ms (cache hit)
21 http cache which@https://registry.npmjs.org/which/-/which-2.0.2.tgz 0ms (cache hit)
22 http cache vite@https://registry.npmjs.org/vite/-/vite-7.3.1.tgz 0ms (cache hit)
23 http cache uri-js@https://registry.npmjs.org/uri-js/-/uri-js-4.4.1.tgz 0ms (cache hit)
24 http cache undici-types@https://registry.npmjs.org/undici-types/-/undici-types-7.16.0.tgz 0ms (cache hit)
25 http cache update-browserslist-db@https://registry.npmjs.org/update-browserslist-db/-/update-browserslist-db-1.2.3.tgz 0ms (cache hit)
26 http cache typescript-eslint@https://registry.npmjs.org/typescript-eslint/-/typescript-eslint-8.52.0.tgz 0ms (cache hit)
27 http cache typescript@https://registry.npmjs.org/typescript/-/typescript-5.9.3.tgz 0ms (cache hit)
28 http cache tinyglobby@https://registry.npmjs.org/tinyglobby/-/tinyglobby-0.2.15.tgz 0ms (cache hit)
29 http cache type-check@https://registry.npmjs.org/type-check/-/type-check-0.4.0.tgz 0ms (cache hit)
30 http cache ts-api-utils@https://registry.npmjs.org/ts-api-utils/-/ts-api-utils-2.4.0.tgz 0ms (cache hit)
31 http cache supports-color@https://registry.npmjs.org/supports-color/-/supports-color-7.2.0.tgz 0ms (cache hit)
32 http cache strip-json-comments@https://registry.npmjs.org/strip-json-comments/-/strip-json-comments-3.1.1.tgz 0ms (cache hit)
33 http cache shebang-regex@https://registry.npmjs.org/shebang-regex/-/shebang-regex-3.0.0.tgz 0ms (cache hit)
34 http cache source-map-js@https://registry.npmjs.org/source-map-js/-/source-map-js-1.2.1.tgz 0ms (cache hit)
35 http cache set-cookie-parser@https://registry.npmjs.org/set-cookie-parser/-/set-cookie-parser-2.7.2.tgz 0ms (cache hit)
36 http cache semver@https://registry.npmjs.org/semver/-/semver-6.3.1.tgz 0ms (cache hit)
37 http cache scheduler@https://registry.npmjs.org/scheduler/-/scheduler-0.27.0.tgz 0ms (cache hit)
38 http cache rollup@https://registry.npmjs.org/rollup/-/rollup-4.55.1.tgz 0ms (cache hit)
39 http cache shebang-command@https://registry.npmjs.org/shebang-command/-/shebang-command-2.0.0.tgz 0ms (cache hit)
40 http cache resolve-from@https://registry.npmjs.org/resolve-from/-/resolve-from-4.0.0.tgz 0ms (cache hit)
41 http cache react-router-dom@https://registry.npmjs.org/react-router-dom/-/react-router-dom-7.12.0.tgz 0ms (cache hit)
42 http cache react-router@https://registry.npmjs.org/react-router/-/react-router-7.12.0.tgz 0ms (cache hit)
43 http cache react-refresh@https://registry.npmjs.org/react-refresh/-/react-refresh-0.18.0.tgz 0ms (cache hit)
44 http cache react-dom@https://registry.npmjs.org/react-dom/-/react-dom-19.2.3.tgz 0ms (cache hit)
45 http cache react@https://registry.npmjs.org/react/-/react-19.2.3.tgz 0ms (cache hit)
46 http cache punycode@https://registry.npmjs.org/punycode/-/punycode-2.3.1.tgz 0ms (cache hit)
47 http cache postcss@https://registry.npmjs.org/postcss/-/postcss-8.5.6.tgz 0ms (cache hit)
48 http cache picomatch@https://registry.npmjs.org/picomatch/-/picomatch-4.0.3.tgz 0ms (cache hit)
49 http cache picocolors@https://registry.npmjs.org/picocolors/-/picocolors-1.1.1.tgz 0ms (cache hit)
50 http cache path-key@https://registry.npmjs.org/path-key/-/path-key-3.1.1.tgz 0ms (cache hit)
51 http cache path-exists@https://registry.npmjs.org/path-exists/-/path-exists-4.0.0.tgz 0ms (cache hit)
52 http cache prelude-ls@https://registry.npmjs.org/prelude-ls/-/prelude-ls-1.2.1.tgz 0ms (cache hit)
53 http cache parent-module@https://registry.npmjs.org/parent-module/-/parent-module-1.0.1.tgz 0ms (cache hit)
54 http cache p-locate@https://registry.npmjs.org/p-locate/-/p-locate-5.0.0.tgz 0ms (cache hit)
55 http cache p-limit@https://registry.npmjs.org/p-limit/-/p-limit-3.1.0.tgz 0ms (cache hit)
56 http cache optionator@https://registry.npmjs.org/optionator/-/optionator-0.9.4.tgz 0ms (cache hit)
57 http cache node-releases@https://registry.npmjs.org/node-releases/-/node-releases-2.0.27.tgz 0ms (cache hit)
58 http cache natural-compare@https://registry.npmjs.org/natural-compare/-/natural-compare-1.4.0.tgz 0ms (cache hit)
59 http cache nanoid@https://registry.npmjs.org/nanoid/-/nanoid-3.3.11.tgz 0ms (cache hit)
60 http cache ms@https://registry.npmjs.org/ms/-/ms-2.1.3.tgz 0ms (cache hit)
61 http cache minimatch@https://registry.npmjs.org/minimatch/-/minimatch-3.1.2.tgz 0ms (cache hit)
62 http cache lru-cache@https://registry.npmjs.org/lru-cache/-/lru-cache-5.1.1.tgz 0ms (cache hit)
63 http cache locate-path@https://registry.npmjs.org/locate-path/-/locate-path-6.0.0.tgz 0ms (cache hit)
64 http cache levn@https://registry.npmjs.org/levn/-/levn-0.4.1.tgz 0ms (cache hit)
65 http cache keyv@https://registry.npmjs.org/keyv/-/keyv-4.5.4.tgz 0ms (cache hit)
66 http cache lodash.merge@https://registry.npmjs.org/lodash.merge/-/lodash.merge-4.6.2.tgz 0ms (cache hit)
67 http cache json5@https://registry.npmjs.org/json5/-/json5-2.2.3.tgz 0ms (cache hit)
68 http cache json-stable-stringify-without-jsonify@https://registry.npmjs.org/json-stable-stringify-without-jsonify/-/json-stable-stringify-without-jsonify-1.0.1.tgz 0ms (cache hit)
69 http cache json-schema-traverse@https://registry.npmjs.org/json-schema-traverse/-/json-schema-traverse-0.4.1.tgz 0ms (cache hit)
70 http cache json-buffer@https://registry.npmjs.org/json-buffer/-/json-buffer-3.0.1.tgz 0ms (cache hit)
71 http cache jsesc@https://registry.npmjs.org/jsesc/-/jsesc-3.1.0.tgz 0ms (cache hit)
72 http cache js-yaml@https://registry.npmjs.org/js-yaml/-/js-yaml-4.1.1.tgz 0ms (cache hit)
73 http cache js-tokens@https://registry.npmjs.org/js-tokens/-/js-tokens-4.0.0.tgz 0ms (cache hit)
74 http cache isexe@https://registry.npmjs.org/isexe/-/isexe-2.0.0.tgz 0ms (cache hit)
75 http cache is-glob@https://registry.npmjs.org/is-glob/-/is-glob-4.0.3.tgz 0ms (cache hit)
76 http cache is-extglob@https://registry.npmjs.org/is-extglob/-/is-extglob-2.1.1.tgz 0ms (cache hit)
77 http cache imurmurhash@https://registry.npmjs.org/imurmurhash/-/imurmurhash-0.1.4.tgz 0ms (cache hit)
78 http cache import-fresh@https://registry.npmjs.org/import-fresh/-/import-fresh-3.3.1.tgz 0ms (cache hit)
79 http cache ignore@https://registry.npmjs.org/ignore/-/ignore-5.3.2.tgz 0ms (cache hit)
80 http cache hermes-parser@https://registry.npmjs.org/hermes-parser/-/hermes-parser-0.25.1.tgz 0ms (cache hit)
81 http cache hermes-estree@https://registry.npmjs.org/hermes-estree/-/hermes-estree-0.25.1.tgz 0ms (cache hit)
82 http cache has-flag@https://registry.npmjs.org/has-flag/-/has-flag-4.0.0.tgz 0ms (cache hit)
83 http cache globals@https://registry.npmjs.org/globals/-/globals-16.5.0.tgz 0ms (cache hit)
84 http cache glob-parent@https://registry.npmjs.org/glob-parent/-/glob-parent-6.0.2.tgz 0ms (cache hit)
85 http cache gensync@https://registry.npmjs.org/gensync/-/gensync-1.0.0-beta.2.tgz 0ms (cache hit)
86 http cache fsevents@https://registry.npmjs.org/fsevents/-/fsevents-2.3.3.tgz 0ms (cache hit)
87 http cache flatted@https://registry.npmjs.org/flatted/-/flatted-3.3.3.tgz 0ms (cache hit)
88 http cache flat-cache@https://registry.npmjs.org/flat-cache/-/flat-cache-4.0.1.tgz 0ms (cache hit)
89 http cache find-up@https://registry.npmjs.org/find-up/-/find-up-5.0.0.tgz 0ms (cache hit)
90 http cache file-entry-cache@https://registry.npmjs.org/file-entry-cache/-/file-entry-cache-8.0.0.tgz 0ms (cache hit)
91 http cache fdir@https://registry.npmjs.org/fdir/-/fdir-6.5.0.tgz 0ms (cache hit)
92 http cache fast-levenshtein@https://registry.npmjs.org/fast-levenshtein/-/fast-levenshtein-2.0.6.tgz 0ms (cache hit)
93 http cache fast-json-stable-stringify@https://registry.npmjs.org/fast-json-stable-stringify/-/fast-json-stable-stringify-2.1.0.tgz 0ms (cache hit)
94 http cache fast-deep-equal@https://registry.npmjs.org/fast-deep-equal/-/fast-deep-equal-3.1.3.tgz 0ms (cache hit)
95 http cache esutils@https://registry.npmjs.org/esutils/-/esutils-2.0.3.tgz 0ms (cache hit)
96 http cache estraverse@https://registry.npmjs.org/estraverse/-/estraverse-5.3.0.tgz 0ms (cache hit)
97 http cache esrecurse@https://registry.npmjs.org/esrecurse/-/esrecurse-4.3.0.tgz 0ms (cache hit)
98 http cache esquery@https://registry.npmjs.org/esquery/-/esquery-1.7.0.tgz 0ms (cache hit)
99 http cache espree@https://registry.npmjs.org/espree/-/espree-10.4.0.tgz 0ms (cache hit)
100 http cache eslint-visitor-keys@https://registry.npmjs.org/eslint-visitor-keys/-/eslint-visitor-keys-4.2.1.tgz 0ms (cache hit)
101 http cache eslint-scope@https://registry.npmjs.org/eslint-scope/-/eslint-scope-8.4.0.tgz 0ms (cache hit)
102 http cache eslint-plugin-react-refresh@https://registry.npmjs.org/eslint-plugin-react-refresh/-/eslint-plugin-react-refresh-0.4.26.tgz 0ms (cache hit)
103 http cache eslint-plugin-react-hooks@https://registry.npmjs.org/eslint-plugin-react-hooks/-/eslint-plugin-react-hooks-7.0.1.tgz 0ms (cache hit)
104 http cache eslint@https://registry.npmjs.org/eslint/-/eslint-9.39.2.tgz 0ms (cache hit)
105 http cache escape-string-regexp@https://registry.npmjs.org/escape-string-regexp/-/escape-string-regexp-4.0.0.tgz 0ms (cache hit)
106 http cache escalade@https://registry.npmjs.org/escalade/-/escalade-3.2.0.tgz 0ms (cache hit)
107 http cache esbuild@https://registry.npmjs.org/esbuild/-/esbuild-0.27.2.tgz 0ms (cache hit)
108 http cache electron-to-chromium@https://registry.npmjs.org/electron-to-chromium/-/electron-to-chromium-1.5.267.tgz 0ms (cache hit)
109 http cache deep-is@https://registry.npmjs.org/deep-is/-/deep-is-0.1.4.tgz 0ms (cache hit)
110 http cache debug@https://registry.npmjs.org/debug/-/debug-4.4.3.tgz 0ms (cache hit)
111 http cache csstype@https://registry.npmjs.org/csstype/-/csstype-3.2.3.tgz 0ms (cache hit)
112 http cache cross-spawn@https://registry.npmjs.org/cross-spawn/-/cross-spawn-7.0.6.tgz 0ms (cache hit)
113 http cache convert-source-map@https://registry.npmjs.org/convert-source-map/-/convert-source-map-2.0.0.tgz 0ms (cache hit)
114 http cache cookie@https://registry.npmjs.org/cookie/-/cookie-1.1.1.tgz 0ms (cache hit)
115 http cache concat-map@https://registry.npmjs.org/concat-map/-/concat-map-0.0.1.tgz 0ms (cache hit)
116 http cache color-name@https://registry.npmjs.org/color-name/-/color-name-1.1.4.tgz 0ms (cache hit)
117 http cache color-convert@https://registry.npmjs.org/color-convert/-/color-convert-2.0.1.tgz 0ms (cache hit)
118 http cache chalk@https://registry.npmjs.org/chalk/-/chalk-4.1.2.tgz 0ms (cache hit)
119 http cache caniuse-lite@https://registry.npmjs.org/caniuse-lite/-/caniuse-lite-1.0.30001762.tgz 0ms (cache hit)
120 http cache browserslist@https://registry.npmjs.org/browserslist/-/browserslist-4.28.1.tgz 0ms (cache hit)
121 http cache callsites@https://registry.npmjs.org/callsites/-/callsites-3.1.0.tgz 0ms (cache hit)
122 http cache brace-expansion@https://registry.npmjs.org/brace-expansion/-/brace-expansion-1.1.12.tgz 0ms (cache hit)
123 http cache baseline-browser-mapping@https://registry.npmjs.org/baseline-browser-mapping/-/baseline-browser-mapping-2.9.12.tgz 0ms (cache hit)
124 http cache balanced-match@https://registry.npmjs.org/balanced-match/-/balanced-match-1.0.2.tgz 0ms (cache hit)
125 http cache argparse@https://registry.npmjs.org/argparse/-/argparse-2.0.1.tgz 0ms (cache hit)
126 http cache ajv@https://registry.npmjs.org/ajv/-/ajv-6.12.6.tgz 0ms (cache hit)
127 http cache acorn@https://registry.npmjs.org/acorn/-/acorn-8.15.0.tgz 0ms (cache hit)
128 http cache @vitejs/plugin-react@https://registry.npmjs.org/@vitejs/plugin-react/-/plugin-react-5.1.2.tgz 0ms (cache hit)
129 http cache ansi-styles@https://registry.npmjs.org/ansi-styles/-/ansi-styles-4.3.0.tgz 0ms (cache hit)
130 http cache @typescript-eslint/visitor-keys@https://registry.npmjs.org/@typescript-eslint/visitor-keys/-/visitor-keys-8.52.0.tgz 0ms (cache hit)
131 http cache @typescript-eslint/utils@https://registry.npmjs.org/@typescript-eslint/utils/-/utils-8.52.0.tgz 0ms (cache hit)
132 http cache @typescript-eslint/typescript-estree@https://registry.npmjs.org/@typescript-eslint/typescript-estree/-/typescript-estree-8.52.0.tgz 0ms (cache hit)
133 http cache acorn-jsx@https://registry.npmjs.org/acorn-jsx/-/acorn-jsx-5.3.2.tgz 0ms (cache hit)
134 http cache @typescript-eslint/type-utils@https://registry.npmjs.org/@typescript-eslint/type-utils/-/type-utils-8.52.0.tgz 0ms (cache hit)
135 http cache @typescript-eslint/tsconfig-utils@https://registry.npmjs.org/@typescript-eslint/tsconfig-utils/-/tsconfig-utils-8.52.0.tgz 0ms (cache hit)
136 http cache @typescript-eslint/types@https://registry.npmjs.org/@typescript-eslint/types/-/types-8.52.0.tgz 0ms (cache hit)
137 http cache @typescript-eslint/scope-manager@https://registry.npmjs.org/@typescript-eslint/scope-manager/-/scope-manager-8.52.0.tgz 0ms (cache hit)
138 http cache @typescript-eslint/project-service@https://registry.npmjs.org/@typescript-eslint/project-service/-/project-service-8.52.0.tgz 0ms (cache hit)
139 http cache @typescript-eslint/parser@https://registry.npmjs.org/@typescript-eslint/parser/-/parser-8.52.0.tgz 0ms (cache hit)
140 http cache @typescript-eslint/eslint-plugin@https://registry.npmjs.org/@typescript-eslint/eslint-plugin/-/eslint-plugin-8.52.0.tgz 0ms (cache hit)
141 http cache @types/react-dom@https://registry.npmjs.org/@types/react-dom/-/react-dom-19.2.3.tgz 0ms (cache hit)
142 http cache @types/react@https://registry.npmjs.org/@types/react/-/react-19.2.7.tgz 0ms (cache hit)
143 http cache @types/node@https://registry.npmjs.org/@types/node/-/node-24.10.4.tgz 0ms (cache hit)
144 http cache @types/json-schema@https://registry.npmjs.org/@types/json-schema/-/json-schema-7.0.15.tgz 0ms (cache hit)
145 http cache @types/estree@https://registry.npmjs.org/@types/estree/-/estree-1.0.8.tgz 0ms (cache hit)
146 http cache @types/babel__traverse@https://registry.npmjs.org/@types/babel__traverse/-/babel__traverse-7.28.0.tgz 0ms (cache hit)
147 http cache @types/babel__template@https://registry.npmjs.org/@types/babel__template/-/babel__template-7.4.4.tgz 0ms (cache hit)
148 http cache @types/babel__generator@https://registry.npmjs.org/@types/babel__generator/-/babel__generator-7.27.0.tgz 0ms (cache hit)
149 http cache @types/babel__core@https://registry.npmjs.org/@types/babel__core/-/babel__core-7.20.5.tgz 0ms (cache hit)
150 http cache @jridgewell/trace-mapping@https://registry.npmjs.org/@jridgewell/trace-mapping/-/trace-mapping-0.3.31.tgz 0ms (cache hit)
151 http cache @rolldown/pluginutils@https://registry.npmjs.org/@rolldown/pluginutils/-/pluginutils-1.0.0-beta.53.tgz 0ms (cache hit)
152 http cache @rollup/rollup-darwin-arm64@https://registry.npmjs.org/@rollup/rollup-darwin-arm64/-/rollup-darwin-arm64-4.55.1.tgz 0ms (cache hit)
153 http cache @jridgewell/sourcemap-codec@https://registry.npmjs.org/@jridgewell/sourcemap-codec/-/sourcemap-codec-1.5.5.tgz 0ms (cache hit)
154 http cache @jridgewell/resolve-uri@https://registry.npmjs.org/@jridgewell/resolve-uri/-/resolve-uri-3.1.2.tgz 0ms (cache hit)
155 http cache @jridgewell/gen-mapping@https://registry.npmjs.org/@jridgewell/gen-mapping/-/gen-mapping-0.3.13.tgz 0ms (cache hit)
156 http cache @humanwhocodes/retry@https://registry.npmjs.org/@humanwhocodes/retry/-/retry-0.4.3.tgz 0ms (cache hit)
157 http cache @humanfs/node@https://registry.npmjs.org/@humanfs/node/-/node-0.16.7.tgz 0ms (cache hit)
158 http cache @humanfs/core@https://registry.npmjs.org/@humanfs/core/-/core-0.19.1.tgz 0ms (cache hit)
159 http cache @eslint/plugin-kit@https://registry.npmjs.org/@eslint/plugin-kit/-/plugin-kit-0.4.1.tgz 0ms (cache hit)
160 http cache @humanwhocodes/module-importer@https://registry.npmjs.org/@humanwhocodes/module-importer/-/module-importer-1.0.1.tgz 0ms (cache hit)
161 http cache @eslint/object-schema@https://registry.npmjs.org/@eslint/object-schema/-/object-schema-2.1.7.tgz 0ms (cache hit)
162 http cache @eslint/js@https://registry.npmjs.org/@eslint/js/-/js-9.39.2.tgz 0ms (cache hit)
163 http cache @eslint/eslintrc@https://registry.npmjs.org/@eslint/eslintrc/-/eslintrc-3.3.3.tgz 0ms (cache hit)
164 http cache @eslint/core@https://registry.npmjs.org/@eslint/core/-/core-0.17.0.tgz 0ms (cache hit)
165 http cache @eslint/config-helpers@https://registry.npmjs.org/@eslint/config-helpers/-/config-helpers-0.4.2.tgz 0ms (cache hit)
166 http cache @eslint/config-array@https://registry.npmjs.org/@eslint/config-array/-/config-array-0.21.1.tgz 0ms (cache hit)
167 http cache @eslint-community/regexpp@https://registry.npmjs.org/@eslint-community/regexpp/-/regexpp-4.12.2.tgz 0ms (cache hit)
168 http cache @eslint-community/eslint-utils@https://registry.npmjs.org/@eslint-community/eslint-utils/-/eslint-utils-4.9.1.tgz 0ms (cache hit)
169 http cache @esbuild/darwin-arm64@https://registry.npmjs.org/@esbuild/darwin-arm64/-/darwin-arm64-0.27.2.tgz 0ms (cache hit)
170 http cache @jridgewell/remapping@https://registry.npmjs.org/@jridgewell/remapping/-/remapping-2.3.5.tgz 0ms (cache hit)
171 http cache @babel/template@https://registry.npmjs.org/@babel/template/-/template-7.27.2.tgz 0ms (cache hit)
172 http cache @babel/plugin-transform-react-jsx-source@https://registry.npmjs.org/@babel/plugin-transform-react-jsx-source/-/plugin-transform-react-jsx-source-7.27.1.tgz 0ms (cache hit)
173 http cache @babel/types@https://registry.npmjs.org/@babel/types/-/types-7.28.5.tgz 0ms (cache hit)
174 http cache @babel/plugin-transform-react-jsx-self@https://registry.npmjs.org/@babel/plugin-transform-react-jsx-self/-/plugin-transform-react-jsx-self-7.27.1.tgz 0ms (cache hit)
175 http cache @babel/parser@https://registry.npmjs.org/@babel/parser/-/parser-7.28.5.tgz 0ms (cache hit)
176 http cache @babel/helpers@https://registry.npmjs.org/@babel/helpers/-/helpers-7.28.4.tgz 0ms (cache hit)
177 http cache @babel/helper-validator-option@https://registry.npmjs.org/@babel/helper-validator-option/-/helper-validator-option-7.27.1.tgz 0ms (cache hit)
178 http cache @babel/helper-validator-identifier@https://registry.npmjs.org/@babel/helper-validator-identifier/-/helper-validator-identifier-7.28.5.tgz 0ms (cache hit)
179 http cache @babel/traverse@https://registry.npmjs.org/@babel/traverse/-/traverse-7.28.5.tgz 0ms (cache hit)
180 http cache @babel/helper-plugin-utils@https://registry.npmjs.org/@babel/helper-plugin-utils/-/helper-plugin-utils-7.27.1.tgz 0ms (cache hit)
181 http cache @babel/helper-module-transforms@https://registry.npmjs.org/@babel/helper-module-transforms/-/helper-module-transforms-7.28.3.tgz 0ms (cache hit)
182 http cache @babel/helper-module-imports@https://registry.npmjs.org/@babel/helper-module-imports/-/helper-module-imports-7.27.1.tgz 0ms (cache hit)
183 http cache @babel/helper-globals@https://registry.npmjs.org/@babel/helper-globals/-/helper-globals-7.28.0.tgz 0ms (cache hit)
184 http cache @babel/helper-compilation-targets@https://registry.npmjs.org/@babel/helper-compilation-targets/-/helper-compilation-targets-7.27.2.tgz 0ms (cache hit)
185 http cache @babel/generator@https://registry.npmjs.org/@babel/generator/-/generator-7.28.5.tgz 0ms (cache hit)
186 http cache @babel/core@https://registry.npmjs.org/@babel/core/-/core-7.28.5.tgz 0ms (cache hit)
187 http cache @babel/compat-data@https://registry.npmjs.org/@babel/compat-data/-/compat-data-7.28.5.tgz 0ms (cache hit)
188 http cache @babel/code-frame@https://registry.npmjs.org/@babel/code-frame/-/code-frame-7.27.1.tgz 0ms (cache hit)
189 http cache semver@https://registry.npmjs.org/semver/-/semver-7.7.3.tgz 0ms (cache hit)
190 http cache minimatch@https://registry.npmjs.org/minimatch/-/minimatch-9.0.5.tgz 0ms (cache hit)
191 http cache ignore@https://registry.npmjs.org/ignore/-/ignore-7.0.5.tgz 0ms (cache hit)
192 http cache globals@https://registry.npmjs.org/globals/-/globals-14.0.0.tgz 0ms (cache hit)
193 http cache eslint-visitor-keys@https://registry.npmjs.org/eslint-visitor-keys/-/eslint-visitor-keys-3.4.3.tgz 0ms (cache hit)
194 http cache brace-expansion@https://registry.npmjs.org/brace-expansion/-/brace-expansion-2.0.2.tgz 0ms (cache hit)
195 http cache @babel/helper-string-parser@https://registry.npmjs.org/@babel/helper-string-parser/-/helper-string-parser-7.27.1.tgz 0ms (cache hit)
196 http fetch POST 200 https://registry.npmjs.org/-/npm/v1/security/advisories/bulk 538ms
197 silly audit report {}
198 info run esbuild@0.27.2 postinstall node_modules/esbuild node install.js
199 info run esbuild@0.27.2 postinstall { code: 0, signal: null }
200 silly ADD node_modules/zod-validation-error
201 silly ADD node_modules/zod
202 silly ADD node_modules/yocto-queue
203 silly ADD node_modules/yallist
204 silly ADD node_modules/word-wrap
205 silly ADD node_modules/which
206 silly ADD node_modules/vite
207 silly ADD node_modules/uri-js
208 silly ADD node_modules/update-browserslist-db
209 silly ADD node_modules/undici-types
210 silly ADD node_modules/typescript-eslint
211 silly ADD node_modules/typescript
212 silly ADD node_modules/type-check
213 silly ADD node_modules/ts-api-utils
214 silly ADD node_modules/tinyglobby
215 silly ADD node_modules/supports-color
216 silly ADD node_modules/strip-json-comments
217 silly ADD node_modules/source-map-js
218 silly ADD node_modules/shebang-regex
219 silly ADD node_modules/shebang-command
220 silly ADD node_modules/set-cookie-parser
221 silly ADD node_modules/semver
222 silly ADD node_modules/scheduler
223 silly ADD node_modules/rollup
224 silly ADD node_modules/resolve-from
225 silly ADD node_modules/react-router-dom
226 silly ADD node_modules/react-router
227 silly ADD node_modules/react-refresh
228 silly ADD node_modules/react-dom
229 silly ADD node_modules/react
230 silly ADD node_modules/punycode
231 silly ADD node_modules/prelude-ls
232 silly ADD node_modules/postcss
233 silly ADD node_modules/picomatch
234 silly ADD node_modules/picocolors
235 silly ADD node_modules/path-key
236 silly ADD node_modules/path-exists
237 silly ADD node_modules/parent-module
238 silly ADD node_modules/p-locate
239 silly ADD node_modules/p-limit
240 silly ADD node_modules/optionator
241 silly ADD node_modules/node-releases
242 silly ADD node_modules/natural-compare
243 silly ADD node_modules/nanoid
244 silly ADD node_modules/ms
245 silly ADD node_modules/minimatch
246 silly ADD node_modules/lru-cache
247 silly ADD node_modules/lodash.merge
248 silly ADD node_modules/locate-path
249 silly ADD node_modules/levn
250 silly ADD node_modules/keyv
251 silly ADD node_modules/json5
252 silly ADD node_modules/json-stable-stringify-without-jsonify
253 silly ADD node_modules/json-schema-traverse
254 silly ADD node_modules/json-buffer
255 silly ADD node_modules/jsesc
256 silly ADD node_modules/js-yaml
257 silly ADD node_modules/js-tokens
258 silly ADD node_modules/isexe
259 silly ADD node_modules/is-glob
260 silly ADD node_modules/is-extglob
261 silly ADD node_modules/imurmurhash
262 silly ADD node_modules/import-fresh
263 silly ADD node_modules/ignore
264 silly ADD node_modules/hermes-parser
265 silly ADD node_modules/hermes-estree
266 silly ADD node_modules/has-flag
267 silly ADD node_modules/globals
268 silly ADD node_modules/glob-parent
269 silly ADD node_modules/gensync
270 silly ADD node_modules/fsevents
271 silly ADD node_modules/flatted
272 silly ADD node_modules/flat-cache
273 silly ADD node_modules/find-up
274 silly ADD node_modules/file-entry-cache
275 silly ADD node_modules/fdir
276 silly ADD node_modules/fast-levenshtein
277 silly ADD node_modules/fast-json-stable-stringify
278 silly ADD node_modules/fast-deep-equal
279 silly ADD node_modules/esutils
280 silly ADD node_modules/estraverse
281 silly ADD node_modules/esrecurse
282 silly ADD node_modules/esquery
283 silly ADD node_modules/espree
284 silly ADD node_modules/eslint-visitor-keys
285 silly ADD node_modules/eslint-scope
286 silly ADD node_modules/eslint-plugin-react-refresh
287 silly ADD node_modules/eslint-plugin-react-hooks
288 silly ADD node_modules/eslint
289 silly ADD node_modules/escape-string-regexp
290 silly ADD node_modules/escalade
291 silly ADD node_modules/esbuild
292 silly ADD node_modules/electron-to-chromium
293 silly ADD node_modules/deep-is
294 silly ADD node_modules/debug
295 silly ADD node_modules/csstype
296 silly ADD node_modules/cross-spawn
297 silly ADD node_modules/cookie
298 silly ADD node_modules/convert-source-map
299 silly ADD node_modules/concat-map
300 silly ADD node_modules/color-name
301 silly ADD node_modules/color-convert
302 silly ADD node_modules/chalk
303 silly ADD node_modules/caniuse-lite
304 silly ADD node_modules/callsites
305 silly ADD node_modules/browserslist
306 silly ADD node_modules/brace-expansion
307 silly ADD node_modules/baseline-browser-mapping
308 silly ADD node_modules/balanced-match
309 silly ADD node_modules/argparse
310 silly ADD node_modules/ansi-styles
311 silly ADD node_modules/ajv
312 silly ADD node_modules/acorn-jsx
313 silly ADD node_modules/acorn
314 silly ADD node_modules/@vitejs/plugin-react
315 silly ADD node_modules/@typescript-eslint/visitor-keys
316 silly ADD node_modules/@typescript-eslint/utils
317 silly ADD node_modules/@typescript-eslint/typescript-estree
318 silly ADD node_modules/@typescript-eslint/typescript-estree/node_modules/semver
319 silly ADD node_modules/@typescript-eslint/typescript-estree/node_modules/minimatch
320 silly ADD node_modules/@typescript-eslint/typescript-estree/node_modules/brace-expansion
321 silly ADD node_modules/@typescript-eslint/types
322 silly ADD node_modules/@typescript-eslint/type-utils
323 silly ADD node_modules/@typescript-eslint/tsconfig-utils
324 silly ADD node_modules/@typescript-eslint/scope-manager
325 silly ADD node_modules/@typescript-eslint/project-service
326 silly ADD node_modules/@typescript-eslint/parser
327 silly ADD node_modules/@typescript-eslint/eslint-plugin
328 silly ADD node_modules/@typescript-eslint/eslint-plugin/node_modules/ignore
329 silly ADD node_modules/@types/react-dom
330 silly ADD node_modules/@types/react
331 silly ADD node_modules/@types/node
332 silly ADD node_modules/@types/json-schema
333 silly ADD node_modules/@types/estree
334 silly ADD node_modules/@types/babel__traverse
335 silly ADD node_modules/@types/babel__template
336 silly ADD node_modules/@types/babel__generator
337 silly ADD node_modules/@types/babel__core
338 silly ADD node_modules/@rollup/rollup-darwin-arm64
339 silly ADD node_modules/@rolldown/pluginutils
340 silly ADD node_modules/@jridgewell/trace-mapping
341 silly ADD node_modules/@jridgewell/sourcemap-codec
342 silly ADD node_modules/@jridgewell/resolve-uri
343 silly ADD node_modules/@jridgewell/remapping
344 silly ADD node_modules/@jridgewell/gen-mapping
345 silly ADD node_modules/@humanwhocodes/retry
346 silly ADD node_modules/@humanwhocodes/module-importer
347 silly ADD node_modules/@humanfs/node
348 silly ADD node_modules/@humanfs/core
349 silly ADD node_modules/@eslint/plugin-kit
350 silly ADD node_modules/@eslint/object-schema
351 silly ADD node_modules/@eslint/js
352 silly ADD node_modules/@eslint/eslintrc
353 silly ADD node_modules/@eslint/eslintrc/node_modules/globals
354 silly ADD node_modules/@eslint/core
355 silly ADD node_modules/@eslint/config-helpers
356 silly ADD node_modules/@eslint/config-array
357 silly ADD node_modules/@eslint-community/regexpp
358 silly ADD node_modules/@eslint-community/eslint-utils
359 silly ADD node_modules/@eslint-community/eslint-utils/node_modules/eslint-visitor-keys
360 silly ADD node_modules/@esbuild/darwin-arm64
361 silly ADD node_modules/@babel/types
362 silly ADD node_modules/@babel/traverse
363 silly ADD node_modules/@babel/template
364 silly ADD node_modules/@babel/plugin-transform-react-jsx-source
365 silly ADD node_modules/@babel/plugin-transform-react-jsx-self
366 silly ADD node_modules/@babel/parser
367 silly ADD node_modules/@babel/helpers
368 silly ADD node_modules/@babel/helper-validator-option
369 silly ADD node_modules/@babel/helper-validator-identifier
370 silly ADD node_modules/@babel/helper-string-parser
371 silly ADD node_modules/@babel/helper-plugin-utils
372 silly ADD node_modules/@babel/helper-module-transforms
373 silly ADD node_modules/@babel/helper-module-imports
374 silly ADD node_modules/@babel/helper-globals
375 silly ADD node_modules/@babel/helper-compilation-targets
376 silly ADD node_modules/@babel/generator
377 silly ADD node_modules/@babel/core
378 silly ADD node_modules/@babel/compat-data
379 silly ADD node_modules/@babel/code-frame
380 verbose cwd /Users/xumic/Downloads/student-broken.github.io-main
381 verbose os Darwin 25.1.0
382 verbose node v24.12.0
383 verbose npm  v11.6.2
384 verbose exit 0
385 info ok
